<?xml version="1.0" encoding="UTF-8"?>
<!-- Generated by org.testng.reporters.JUnitReportReporter -->
<testsuite hostname="LAPTOP-5NJGE6VO" failures="0" tests="1" name="com.obsqura.rmartSuperMarket.MobileSliderTest" time="13.532" errors="0" timestamp="2023-07-26T22:48:10 IST" skipped="0">
  <testcase classname="com.obsqura.rmartSuperMarket.MobileSliderTest" name="checkWhetherTheUserAbletoSelectValueFromDropDown" time="13.532"/>
  <system-out/>
</testsuite> <!-- com.obsqura.rmartSuperMarket.MobileSliderTest -->
