<?xml version="1.0" encoding="UTF-8"?>
<!-- Generated by org.testng.reporters.JUnitReportReporter -->
<testsuite hostname="LAPTOP-5NJGE6VO" failures="0" tests="1" name="com.obsqura.rmartSuperMarket.testscript.ManageExpenseTest" time="16.851" errors="0" timestamp="2023-07-27T23:09:51 IST" skipped="0">
  <testcase classname="com.obsqura.rmartSuperMarket.testscript.ManageExpenseTest" name="verifyWhetherUserAbletoSubmitTheManageExpence" time="16.851"/>
</testsuite> <!-- com.obsqura.rmartSuperMarket.testscript.ManageExpenseTest -->
