<?xml version="1.0" encoding="UTF-8"?>
<!-- Generated by org.testng.reporters.JUnitReportReporter -->
<testsuite hostname="LAPTOP-5NJGE6VO" failures="0" tests="2" name="com.obsqura.rmartSuperMarket.testscript.PushNotificationTest" time="48.408" errors="0" timestamp="2023-08-01T11:30:49 IST" skipped="1">
  <testcase classname="com.obsqura.rmartSuperMarket.testscript.PushNotificationTest" name="verifyWhetherUserAbleToSendTheNotification" time="22.469"/>
  <testcase classname="com.obsqura.rmartSuperMarket.testscript.PushNotificationTest" name="verifyWhetherUserAbleToSendTheNotification" time="25.939">
    <skipped/>
  </testcase> <!-- verifyWhetherUserAbleToSendTheNotification -->
</testsuite> <!-- com.obsqura.rmartSuperMarket.testscript.PushNotificationTest -->
