<?xml version="1.0" encoding="UTF-8"?>
<!-- Generated by org.testng.reporters.JUnitReportReporter -->
<testsuite hostname="LAPTOP-5NJGE6VO" failures="0" tests="1" name="com.obsqura.rmartSuperMarket.VerifyUsersTest" time="18.274" errors="0" timestamp="2023-07-25T23:08:34 IST" skipped="0">
  <testcase classname="com.obsqura.rmartSuperMarket.VerifyUsersTest" name="checkingSearchFunctioanlity" time="18.274"/>
  <system-out/>
</testsuite> <!-- com.obsqura.rmartSuperMarket.VerifyUsersTest -->
