<?xml version="1.0" encoding="UTF-8"?>
<!-- Generated by org.testng.reporters.JUnitReportReporter -->
<testsuite hostname="LAPTOP-5NJGE6VO" failures="0" tests="1" name="com.obsqura.rmartSuperMarket.testscript.ManageCategoryTest" time="35.032" errors="0" timestamp="2023-07-31T21:33:05 IST" skipped="0">
  <testcase classname="com.obsqura.rmartSuperMarket.testscript.ManageCategoryTest" name="verifyWhetherTheUserAbleToAddValuesInManageCategory" time="35.032"/>
</testsuite> <!-- com.obsqura.rmartSuperMarket.testscript.ManageCategoryTest -->
