<?xml version="1.0" encoding="UTF-8"?>
<!-- Generated by org.testng.reporters.JUnitReportReporter -->
<testsuite hostname="LAPTOP-5NJGE6VO" failures="0" tests="1" name="com.obsqura.rmartSuperMarket.testscript.MobileSliderTest" time="39.109" errors="0" timestamp="2023-07-27T08:21:32 IST" skipped="0">
  <testcase classname="com.obsqura.rmartSuperMarket.testscript.MobileSliderTest" name="checkWhetherTheUserAbletoSelectValueFromDropDown" time="39.109"/>
</testsuite> <!-- com.obsqura.rmartSuperMarket.testscript.MobileSliderTest -->
