<?xml version="1.0" encoding="UTF-8"?>
<!-- Generated by org.testng.reporters.JUnitReportReporter -->
<testsuite hostname="LAPTOP-5NJGE6VO" failures="0" tests="4" name="com.obsqura.rmartSuperMarket.LoginTest" time="18.486" errors="0" timestamp="2023-07-22T15:53:38 IST" skipped="0">
  <testcase classname="com.obsqura.rmartSuperMarket.LoginTest" name="verifyTheUserAbleToLoginWithValidCredentials" time="3.271"/>
  <system-out/>
  <testcase classname="com.obsqura.rmartSuperMarket.LoginTest" name="verifyTheUserCannotLoginWithInvalidUserNameandValidPassword" time="4.353"/>
  <system-out/>
  <testcase classname="com.obsqura.rmartSuperMarket.LoginTest" name="verifyTheUserCannotLoginWithValidUserNameandInvalidPassword" time="2.632"/>
  <system-out/>
  <testcase classname="com.obsqura.rmartSuperMarket.LoginTest" name="verifyTheUserCannotLoginWithInvalidUserNameandInvalidPassword" time="8.230"/>
  <system-out/>
</testsuite> <!-- com.obsqura.rmartSuperMarket.LoginTest -->
