<?xml version="1.0" encoding="UTF-8"?>
<!-- Generated by org.testng.reporters.JUnitReportReporter -->
<testsuite hostname="LAPTOP-5NJGE6VO" failures="0" tests="1" name="com.obsqura.rmartSuperMarket.VerifyUsersTest" time="12.447" errors="0" timestamp="2023-07-23T21:59:30 IST" skipped="0">
  <testcase classname="com.obsqura.rmartSuperMarket.VerifyUsersTest" name="checkingSearchFunctioanlity" time="12.447"/>
  <system-out/>
</testsuite> <!-- com.obsqura.rmartSuperMarket.VerifyUsersTest -->
