<?xml version="1.0" encoding="UTF-8"?>
<!-- Generated by org.testng.reporters.JUnitReportReporter -->
<testsuite hostname="LAPTOP-5NJGE6VO" failures="0" tests="1" name="com.obsqura.rmartSuperMarket.testscript.ManageLocationTest" time="13.039" errors="0" timestamp="2023-07-27T16:38:02 IST" skipped="0">
  <testcase classname="com.obsqura.rmartSuperMarket.testscript.ManageLocationTest" name="verifyWhetherUserAbletoSubmitTheManageProduct" time="13.039"/>
</testsuite> <!-- com.obsqura.rmartSuperMarket.testscript.ManageLocationTest -->
