<?xml version="1.0" encoding="UTF-8"?>
<!-- Generated by org.testng.reporters.JUnitReportReporter -->
<testsuite hostname="LAPTOP-5NJGE6VO" failures="0" tests="1" name="com.obsqura.rmartSuperMarket.testscript.VerifyUsersTest" time="34.605" errors="0" timestamp="2023-07-31T21:37:50 IST" skipped="0">
  <testcase classname="com.obsqura.rmartSuperMarket.testscript.VerifyUsersTest" name="verifyTheUserExistsInTheVerifyUsersList" time="34.605"/>
</testsuite> <!-- com.obsqura.rmartSuperMarket.testscript.VerifyUsersTest -->
