<?xml version="1.0" encoding="UTF-8"?>
<!-- Generated by org.testng.reporters.JUnitReportReporter -->
<testsuite hostname="LAPTOP-5NJGE6VO" failures="0" tests="1" name="com.obsqura.rmartSuperMarket.ManageSliderTest" time="17.318" errors="0" timestamp="2023-07-26T20:23:30 IST" skipped="0">
  <testcase classname="com.obsqura.rmartSuperMarket.ManageSliderTest" name="verifyWhetherTheUserAbleToUploadFile" time="17.318"/>
  <system-out/>
</testsuite> <!-- com.obsqura.rmartSuperMarket.ManageSliderTest -->
