<?xml version="1.0" encoding="UTF-8"?>
<!-- Generated by org.testng.reporters.JUnitReportReporter -->
<testsuite hostname="LAPTOP-5NJGE6VO" failures="0" tests="4" name="com.obsqura.rmartSuperMarket.LoginPage" time="36.576" errors="0" timestamp="2023-07-20T14:02:30 IST" skipped="0">
  <testcase classname="com.obsqura.rmartSuperMarket.LoginPage" name="verifyTheUserCannotLoginWithInvalidUserNameandValidPassword" time="7.473"/>
  <system-out/>
  <testcase classname="com.obsqura.rmartSuperMarket.LoginPage" name="verifyTheUserCannotLoginWithInvalidUserNameandInvalidPassword" time="6.045"/>
  <system-out/>
  <testcase classname="com.obsqura.rmartSuperMarket.LoginPage" name="verifyTheUserCannotLoginWithValidUserNameandInvalidPassword" time="14.573"/>
  <system-out/>
  <testcase classname="com.obsqura.rmartSuperMarket.LoginPage" name="verifyTheUserAbleToLoginWithValidCredentials" time="8.485"/>
  <system-out/>
</testsuite> <!-- com.obsqura.rmartSuperMarket.LoginPage -->
