<?xml version="1.0" encoding="UTF-8"?>
<!-- Generated by org.testng.reporters.JUnitReportReporter -->
<testsuite hostname="LAPTOP-5NJGE6VO" failures="0" tests="2" name="com.obsqura.rmartSuperMarket.testscript.LoginTest" time="46.897" errors="0" timestamp="2023-08-01T08:32:15 IST" skipped="0">
  <testcase classname="com.obsqura.rmartSuperMarket.testscript.LoginTest" name="verifyTheUserAbleToLoginWithValidCredentials" time="22.081"/>
  <testcase classname="com.obsqura.rmartSuperMarket.testscript.LoginTest" name="verifyTheUserCannotLoginWithInvalidUserNameandValidPassword" time="24.816"/>
</testsuite> <!-- com.obsqura.rmartSuperMarket.testscript.LoginTest -->
