<?xml version="1.0" encoding="UTF-8"?>
<!-- Generated by org.testng.reporters.JUnitReportReporter -->
<testsuite hostname="LAPTOP-5NJGE6VO" failures="0" tests="2" name="com.obsqura.rmartSuperMarket.testscript.MobileSliderTest" time="48.848" errors="0" timestamp="2023-08-01T11:30:49 IST" skipped="1">
  <testcase classname="com.obsqura.rmartSuperMarket.testscript.MobileSliderTest" name="checkWhetherTheUserAbletoSelectValueFromDropDownandUploadFile" time="34.674"/>
  <testcase classname="com.obsqura.rmartSuperMarket.testscript.MobileSliderTest" name="checkWhetherTheUserAbletoSelectValueFromDropDownandUploadFile" time="14.174">
    <skipped/>
  </testcase> <!-- checkWhetherTheUserAbletoSelectValueFromDropDownandUploadFile -->
</testsuite> <!-- com.obsqura.rmartSuperMarket.testscript.MobileSliderTest -->
