<?xml version="1.0" encoding="UTF-8"?>
<!-- Generated by org.testng.reporters.JUnitReportReporter -->
<testsuite hostname="LAPTOP-5NJGE6VO" failures="0" tests="1" name="com.obsqura.rmartSuperMarket.ManageCategoryTest" time="13.420" errors="0" timestamp="2023-07-26T22:34:03 IST" skipped="0">
  <testcase classname="com.obsqura.rmartSuperMarket.ManageCategoryTest" name="verifyWhetherTheUserAbleToAddValuesInManageCategory" time="13.420"/>
  <system-out/>
</testsuite> <!-- com.obsqura.rmartSuperMarket.ManageCategoryTest -->
