<?xml version="1.0" encoding="UTF-8"?>
<!-- Generated by org.testng.reporters.JUnitReportReporter -->
<testsuite hostname="LAPTOP-5NJGE6VO" failures="0" tests="1" name="com.obsqura.rmartSuperMarket.LoginTest" time="19.439" errors="0" timestamp="2023-07-24T21:22:51 IST" skipped="0">
  <testcase classname="com.obsqura.rmartSuperMarket.LoginTest" name="verifyTheUserAbleToLoginWithValidCredentials" time="19.439"/>
  <system-out/>
</testsuite> <!-- com.obsqura.rmartSuperMarket.LoginTest -->
