<?xml version="1.0" encoding="UTF-8"?>
<!-- Generated by org.testng.reporters.JUnitReportReporter -->
<testsuite hostname="LAPTOP-5NJGE6VO" failures="0" tests="1" name="com.obsqura.rmartSuperMarket.LoginTest" time="17.124" errors="0" timestamp="2023-07-26T16:03:17 IST" skipped="0">
  <testcase classname="com.obsqura.rmartSuperMarket.LoginTest" name="verifyTheUserCannotLoginWithValidUserNameandInvalidPassword" time="17.124"/>
  <system-out/>
</testsuite> <!-- com.obsqura.rmartSuperMarket.LoginTest -->
