<?xml version="1.0" encoding="UTF-8"?>
<!-- Generated by org.testng.reporters.JUnitReportReporter -->
<testsuite hostname="LAPTOP-5NJGE6VO" failures="0" tests="1" name="com.obsqura.rmartSuperMarket.MobileSliderTest" time="17.294" errors="0" timestamp="2023-07-25T23:38:20 IST" skipped="0">
  <testcase classname="com.obsqura.rmartSuperMarket.MobileSliderTest" name="checkWhetherTheUserAbletoSelectValueFromDropDown" time="17.294"/>
  <system-out/>
</testsuite> <!-- com.obsqura.rmartSuperMarket.MobileSliderTest -->
